{"I:\\Collection\\Desktop\\E-commerce\\backend\\server.js": {"path":"I:\\Collection\\Desktop\\E-commerce\\backend\\server.js","statementMap":{"0":{"start":{"line":1,"column":16},"end":{"line":1,"column":34}},"1":{"start":{"line":2,"column":15},"end":{"line":2,"column":32}},"2":{"start":{"line":3,"column":13},"end":{"line":3,"column":28}},"3":{"start":{"line":4,"column":18},"end":{"line":4,"column":46}},"4":{"start":{"line":5,"column":21},"end":{"line":5,"column":57}},"5":{"start":{"line":8,"column":0},"end":{"line":8,"column":16}},"6":{"start":{"line":11,"column":0},"end":{"line":11,"column":12}},"7":{"start":{"line":14,"column":12},"end":{"line":14,"column":21}},"8":{"start":{"line":17,"column":0},"end":{"line":17,"column":24}},"9":{"start":{"line":18,"column":0},"end":{"line":18,"column":48}},"10":{"start":{"line":21,"column":23},"end":{"line":26,"column":17}},"11":{"start":{"line":28,"column":0},"end":{"line":44,"column":2}},"12":{"start":{"line":32,"column":6},"end":{"line":32,"column":47}},"13":{"start":{"line":32,"column":19},"end":{"line":32,"column":47}},"14":{"start":{"line":34,"column":6},"end":{"line":38,"column":7}},"15":{"start":{"line":35,"column":8},"end":{"line":35,"column":29}},"16":{"start":{"line":37,"column":8},"end":{"line":37,"column":51}},"17":{"start":{"line":47,"column":0},"end":{"line":47,"column":53}},"18":{"start":{"line":48,"column":0},"end":{"line":48,"column":60}},"19":{"start":{"line":49,"column":0},"end":{"line":49,"column":53}},"20":{"start":{"line":50,"column":0},"end":{"line":50,"column":56}},"21":{"start":{"line":53,"column":0},"end":{"line":59,"column":3}},"22":{"start":{"line":54,"column":2},"end":{"line":58,"column":5}},"23":{"start":{"line":62,"column":0},"end":{"line":67,"column":3}},"24":{"start":{"line":63,"column":2},"end":{"line":66,"column":5}},"25":{"start":{"line":70,"column":0},"end":{"line":70,"column":22}},"26":{"start":{"line":73,"column":0},"end":{"line":86,"column":1}},"27":{"start":{"line":74,"column":15},"end":{"line":74,"column":39}},"28":{"start":{"line":76,"column":17},"end":{"line":78,"column":4}},"29":{"start":{"line":77,"column":4},"end":{"line":77,"column":82}},"30":{"start":{"line":81,"column":2},"end":{"line":85,"column":5}},"31":{"start":{"line":82,"column":4},"end":{"line":82,"column":41}},"32":{"start":{"line":84,"column":4},"end":{"line":84,"column":40}},"33":{"start":{"line":84,"column":23},"end":{"line":84,"column":38}},"34":{"start":{"line":88,"column":0},"end":{"line":88,"column":21}}},"fnMap":{"0":{"name":"(anonymous_0)","decl":{"start":{"line":30,"column":12},"end":{"line":30,"column":13}},"loc":{"start":{"line":30,"column":40},"end":{"line":39,"column":5}},"line":30},"1":{"name":"(anonymous_1)","decl":{"start":{"line":53,"column":13},"end":{"line":53,"column":14}},"loc":{"start":{"line":53,"column":27},"end":{"line":59,"column":1}},"line":53},"2":{"name":"(anonymous_2)","decl":{"start":{"line":62,"column":8},"end":{"line":62,"column":9}},"loc":{"start":{"line":62,"column":22},"end":{"line":67,"column":1}},"line":62},"3":{"name":"(anonymous_3)","decl":{"start":{"line":76,"column":34},"end":{"line":76,"column":35}},"loc":{"start":{"line":76,"column":40},"end":{"line":78,"column":3}},"line":76},"4":{"name":"(anonymous_4)","decl":{"start":{"line":81,"column":35},"end":{"line":81,"column":36}},"loc":{"start":{"line":81,"column":53},"end":{"line":85,"column":3}},"line":81},"5":{"name":"(anonymous_5)","decl":{"start":{"line":84,"column":17},"end":{"line":84,"column":18}},"loc":{"start":{"line":84,"column":23},"end":{"line":84,"column":38}},"line":84}},"branchMap":{"0":{"loc":{"start":{"line":32,"column":6},"end":{"line":32,"column":47}},"type":"if","locations":[{"start":{"line":32,"column":6},"end":{"line":32,"column":47}},{"start":{},"end":{}}],"line":32},"1":{"loc":{"start":{"line":34,"column":6},"end":{"line":38,"column":7}},"type":"if","locations":[{"start":{"line":34,"column":6},"end":{"line":38,"column":7}},{"start":{"line":36,"column":13},"end":{"line":38,"column":7}}],"line":34},"2":{"loc":{"start":{"line":34,"column":10},"end":{"line":34,"column":89}},"type":"binary-expr","locations":[{"start":{"line":34,"column":10},"end":{"line":34,"column":47}},{"start":{"line":34,"column":51},"end":{"line":34,"column":89}}],"line":34},"3":{"loc":{"start":{"line":73,"column":0},"end":{"line":86,"column":1}},"type":"if","locations":[{"start":{"line":73,"column":0},"end":{"line":86,"column":1}},{"start":{},"end":{}}],"line":73},"4":{"loc":{"start":{"line":74,"column":15},"end":{"line":74,"column":39}},"type":"binary-expr","locations":[{"start":{"line":74,"column":15},"end":{"line":74,"column":31}},{"start":{"line":74,"column":35},"end":{"line":74,"column":39}}],"line":74}},"s":{"0":3,"1":3,"2":3,"3":3,"4":3,"5":3,"6":3,"7":3,"8":3,"9":3,"10":3,"11":3,"12":48,"13":48,"14":0,"15":0,"16":0,"17":3,"18":3,"19":3,"20":3,"21":3,"22":0,"23":3,"24":0,"25":3,"26":3,"27":0,"28":0,"29":0,"30":0,"31":0,"32":0,"33":0,"34":3},"f":{"0":48,"1":0,"2":0,"3":0,"4":0,"5":0},"b":{"0":[48,0],"1":[0,0],"2":[0,0],"3":[0,3],"4":[0,0]},"_coverageSchema":"1a1c01bbd47fc00a2c39e90264f33305004495a9","hash":"7ab9c6779b4d04c219146aa97ccb7ebdbbe55448"}
,"I:\\Collection\\Desktop\\E-commerce\\backend\\config\\database.js": {"path":"I:\\Collection\\Desktop\\E-commerce\\backend\\config\\database.js","statementMap":{"0":{"start":{"line":1,"column":17},"end":{"line":1,"column":36}},"1":{"start":{"line":3,"column":18},"end":{"line":15,"column":1}},"2":{"start":{"line":4,"column":2},"end":{"line":14,"column":3}},"3":{"start":{"line":5,"column":17},"end":{"line":8,"column":6}},"4":{"start":{"line":10,"column":4},"end":{"line":10,"column":62}},"5":{"start":{"line":12,"column":4},"end":{"line":12,"column":45}},"6":{"start":{"line":13,"column":4},"end":{"line":13,"column":20}},"7":{"start":{"line":17,"column":0},"end":{"line":17,"column":27}}},"fnMap":{"0":{"name":"(anonymous_0)","decl":{"start":{"line":3,"column":18},"end":{"line":3,"column":19}},"loc":{"start":{"line":3,"column":30},"end":{"line":15,"column":1}},"line":3}},"branchMap":{},"s":{"0":3,"1":3,"2":3,"3":3,"4":3,"5":0,"6":0,"7":3},"f":{"0":3},"b":{},"_coverageSchema":"1a1c01bbd47fc00a2c39e90264f33305004495a9","hash":"fc20a403a0a330a36034d900961f145e838f07a4"}
,"I:\\Collection\\Desktop\\E-commerce\\backend\\controllers\\authController.js": {"path":"I:\\Collection\\Desktop\\E-commerce\\backend\\controllers\\authController.js","statementMap":{"0":{"start":{"line":1,"column":13},"end":{"line":1,"column":38}},"1":{"start":{"line":2,"column":22},"end":{"line":2,"column":55}},"2":{"start":{"line":7,"column":0},"end":{"line":46,"column":2}},"3":{"start":{"line":8,"column":2},"end":{"line":45,"column":3}},"4":{"start":{"line":9,"column":44},"end":{"line":9,"column":52}},"5":{"start":{"line":12,"column":23},"end":{"line":12,"column":52}},"6":{"start":{"line":14,"column":4},"end":{"line":19,"column":5}},"7":{"start":{"line":15,"column":6},"end":{"line":18,"column":9}},"8":{"start":{"line":22,"column":17},"end":{"line":27,"column":6}},"9":{"start":{"line":30,"column":18},"end":{"line":30,"column":41}},"10":{"start":{"line":32,"column":4},"end":{"line":42,"column":7}},"11":{"start":{"line":44,"column":4},"end":{"line":44,"column":16}},"12":{"start":{"line":51,"column":0},"end":{"line":100,"column":2}},"13":{"start":{"line":52,"column":2},"end":{"line":99,"column":3}},"14":{"start":{"line":53,"column":32},"end":{"line":53,"column":40}},"15":{"start":{"line":56,"column":4},"end":{"line":61,"column":5}},"16":{"start":{"line":57,"column":6},"end":{"line":60,"column":9}},"17":{"start":{"line":64,"column":17},"end":{"line":64,"column":66}},"18":{"start":{"line":66,"column":4},"end":{"line":71,"column":5}},"19":{"start":{"line":67,"column":6},"end":{"line":70,"column":9}},"20":{"start":{"line":74,"column":20},"end":{"line":74,"column":56}},"21":{"start":{"line":76,"column":4},"end":{"line":81,"column":5}},"22":{"start":{"line":77,"column":6},"end":{"line":80,"column":9}},"23":{"start":{"line":84,"column":18},"end":{"line":84,"column":41}},"24":{"start":{"line":86,"column":4},"end":{"line":96,"column":7}},"25":{"start":{"line":98,"column":4},"end":{"line":98,"column":16}},"26":{"start":{"line":105,"column":0},"end":{"line":116,"column":2}},"27":{"start":{"line":106,"column":2},"end":{"line":115,"column":3}},"28":{"start":{"line":107,"column":17},"end":{"line":107,"column":49}},"29":{"start":{"line":109,"column":4},"end":{"line":112,"column":7}},"30":{"start":{"line":114,"column":4},"end":{"line":114,"column":16}}},"fnMap":{"0":{"name":"(anonymous_0)","decl":{"start":{"line":7,"column":17},"end":{"line":7,"column":18}},"loc":{"start":{"line":7,"column":43},"end":{"line":46,"column":1}},"line":7},"1":{"name":"(anonymous_1)","decl":{"start":{"line":51,"column":16},"end":{"line":51,"column":17}},"loc":{"start":{"line":51,"column":42},"end":{"line":100,"column":1}},"line":51},"2":{"name":"(anonymous_2)","decl":{"start":{"line":105,"column":16},"end":{"line":105,"column":17}},"loc":{"start":{"line":105,"column":42},"end":{"line":116,"column":1}},"line":105}},"branchMap":{"0":{"loc":{"start":{"line":14,"column":4},"end":{"line":19,"column":5}},"type":"if","locations":[{"start":{"line":14,"column":4},"end":{"line":19,"column":5}},{"start":{},"end":{}}],"line":14},"1":{"loc":{"start":{"line":26,"column":12},"end":{"line":26,"column":26}},"type":"binary-expr","locations":[{"start":{"line":26,"column":12},"end":{"line":26,"column":16}},{"start":{"line":26,"column":20},"end":{"line":26,"column":26}}],"line":26},"2":{"loc":{"start":{"line":56,"column":4},"end":{"line":61,"column":5}},"type":"if","locations":[{"start":{"line":56,"column":4},"end":{"line":61,"column":5}},{"start":{},"end":{}}],"line":56},"3":{"loc":{"start":{"line":56,"column":8},"end":{"line":56,"column":27}},"type":"binary-expr","locations":[{"start":{"line":56,"column":8},"end":{"line":56,"column":14}},{"start":{"line":56,"column":18},"end":{"line":56,"column":27}}],"line":56},"4":{"loc":{"start":{"line":66,"column":4},"end":{"line":71,"column":5}},"type":"if","locations":[{"start":{"line":66,"column":4},"end":{"line":71,"column":5}},{"start":{},"end":{}}],"line":66},"5":{"loc":{"start":{"line":76,"column":4},"end":{"line":81,"column":5}},"type":"if","locations":[{"start":{"line":76,"column":4},"end":{"line":81,"column":5}},{"start":{},"end":{}}],"line":76}},"s":{"0":3,"1":3,"2":3,"3":13,"4":13,"5":13,"6":13,"7":1,"8":12,"9":12,"10":12,"11":0,"12":3,"13":3,"14":3,"15":3,"16":0,"17":3,"18":3,"19":1,"20":2,"21":2,"22":1,"23":1,"24":1,"25":0,"26":3,"27":1,"28":1,"29":1,"30":0},"f":{"0":13,"1":3,"2":1},"b":{"0":[1,12],"1":[12,11],"2":[0,3],"3":[3,3],"4":[1,2],"5":[1,1]},"_coverageSchema":"1a1c01bbd47fc00a2c39e90264f33305004495a9","hash":"d1f865cf91c96e505cd92739c5e40a40fc8c430f"}
,"I:\\Collection\\Desktop\\E-commerce\\backend\\controllers\\cartController.js": {"path":"I:\\Collection\\Desktop\\E-commerce\\backend\\controllers\\cartController.js","statementMap":{"0":{"start":{"line":1,"column":13},"end":{"line":1,"column":38}},"1":{"start":{"line":2,"column":16},"end":{"line":2,"column":44}},"2":{"start":{"line":7,"column":0},"end":{"line":25,"column":2}},"3":{"start":{"line":8,"column":2},"end":{"line":24,"column":3}},"4":{"start":{"line":9,"column":15},"end":{"line":12,"column":5}},"5":{"start":{"line":14,"column":4},"end":{"line":16,"column":5}},"6":{"start":{"line":15,"column":6},"end":{"line":15,"column":65}},"7":{"start":{"line":18,"column":4},"end":{"line":21,"column":7}},"8":{"start":{"line":23,"column":4},"end":{"line":23,"column":16}},"9":{"start":{"line":30,"column":0},"end":{"line":98,"column":2}},"10":{"start":{"line":31,"column":2},"end":{"line":97,"column":3}},"11":{"start":{"line":32,"column":36},"end":{"line":32,"column":44}},"12":{"start":{"line":34,"column":4},"end":{"line":39,"column":5}},"13":{"start":{"line":35,"column":6},"end":{"line":38,"column":9}},"14":{"start":{"line":42,"column":20},"end":{"line":42,"column":53}},"15":{"start":{"line":44,"column":4},"end":{"line":49,"column":5}},"16":{"start":{"line":45,"column":6},"end":{"line":48,"column":9}},"17":{"start":{"line":52,"column":4},"end":{"line":57,"column":5}},"18":{"start":{"line":53,"column":6},"end":{"line":56,"column":9}},"19":{"start":{"line":60,"column":15},"end":{"line":60,"column":56}},"20":{"start":{"line":62,"column":4},"end":{"line":82,"column":5}},"21":{"start":{"line":63,"column":6},"end":{"line":66,"column":9}},"22":{"start":{"line":69,"column":24},"end":{"line":71,"column":7}},"23":{"start":{"line":70,"column":18},"end":{"line":70,"column":55}},"24":{"start":{"line":73,"column":6},"end":{"line":79,"column":7}},"25":{"start":{"line":75,"column":8},"end":{"line":75,"column":51}},"26":{"start":{"line":78,"column":8},"end":{"line":78,"column":58}},"27":{"start":{"line":81,"column":6},"end":{"line":81,"column":24}},"28":{"start":{"line":85,"column":4},"end":{"line":88,"column":6}},"29":{"start":{"line":90,"column":4},"end":{"line":94,"column":7}},"30":{"start":{"line":96,"column":4},"end":{"line":96,"column":16}},"31":{"start":{"line":103,"column":0},"end":{"line":172,"column":2}},"32":{"start":{"line":104,"column":2},"end":{"line":171,"column":3}},"33":{"start":{"line":105,"column":25},"end":{"line":105,"column":33}},"34":{"start":{"line":106,"column":26},"end":{"line":106,"column":36}},"35":{"start":{"line":108,"column":4},"end":{"line":113,"column":5}},"36":{"start":{"line":109,"column":6},"end":{"line":112,"column":9}},"37":{"start":{"line":116,"column":20},"end":{"line":116,"column":53}},"38":{"start":{"line":118,"column":4},"end":{"line":123,"column":5}},"39":{"start":{"line":119,"column":6},"end":{"line":122,"column":9}},"40":{"start":{"line":126,"column":4},"end":{"line":131,"column":5}},"41":{"start":{"line":127,"column":6},"end":{"line":130,"column":9}},"42":{"start":{"line":133,"column":15},"end":{"line":133,"column":56}},"43":{"start":{"line":135,"column":4},"end":{"line":140,"column":5}},"44":{"start":{"line":136,"column":6},"end":{"line":139,"column":9}},"45":{"start":{"line":143,"column":22},"end":{"line":145,"column":5}},"46":{"start":{"line":144,"column":16},"end":{"line":144,"column":53}},"47":{"start":{"line":147,"column":4},"end":{"line":152,"column":5}},"48":{"start":{"line":148,"column":6},"end":{"line":151,"column":9}},"49":{"start":{"line":155,"column":4},"end":{"line":155,"column":46}},"50":{"start":{"line":156,"column":4},"end":{"line":156,"column":22}},"51":{"start":{"line":159,"column":4},"end":{"line":162,"column":6}},"52":{"start":{"line":164,"column":4},"end":{"line":168,"column":7}},"53":{"start":{"line":170,"column":4},"end":{"line":170,"column":16}},"54":{"start":{"line":177,"column":0},"end":{"line":211,"column":2}},"55":{"start":{"line":178,"column":2},"end":{"line":210,"column":3}},"56":{"start":{"line":179,"column":26},"end":{"line":179,"column":36}},"57":{"start":{"line":181,"column":15},"end":{"line":181,"column":56}},"58":{"start":{"line":183,"column":4},"end":{"line":188,"column":5}},"59":{"start":{"line":184,"column":6},"end":{"line":187,"column":9}},"60":{"start":{"line":191,"column":4},"end":{"line":193,"column":6}},"61":{"start":{"line":192,"column":16},"end":{"line":192,"column":53}},"62":{"start":{"line":195,"column":4},"end":{"line":195,"column":22}},"63":{"start":{"line":198,"column":4},"end":{"line":201,"column":6}},"64":{"start":{"line":203,"column":4},"end":{"line":207,"column":7}},"65":{"start":{"line":209,"column":4},"end":{"line":209,"column":16}},"66":{"start":{"line":216,"column":0},"end":{"line":238,"column":2}},"67":{"start":{"line":217,"column":2},"end":{"line":237,"column":3}},"68":{"start":{"line":218,"column":15},"end":{"line":218,"column":56}},"69":{"start":{"line":220,"column":4},"end":{"line":225,"column":5}},"70":{"start":{"line":221,"column":6},"end":{"line":224,"column":9}},"71":{"start":{"line":227,"column":4},"end":{"line":227,"column":20}},"72":{"start":{"line":228,"column":4},"end":{"line":228,"column":22}},"73":{"start":{"line":230,"column":4},"end":{"line":234,"column":7}},"74":{"start":{"line":236,"column":4},"end":{"line":236,"column":16}}},"fnMap":{"0":{"name":"(anonymous_0)","decl":{"start":{"line":7,"column":18},"end":{"line":7,"column":19}},"loc":{"start":{"line":7,"column":44},"end":{"line":25,"column":1}},"line":7},"1":{"name":"(anonymous_1)","decl":{"start":{"line":30,"column":20},"end":{"line":30,"column":21}},"loc":{"start":{"line":30,"column":46},"end":{"line":98,"column":1}},"line":30},"2":{"name":"(anonymous_2)","decl":{"start":{"line":70,"column":8},"end":{"line":70,"column":9}},"loc":{"start":{"line":70,"column":18},"end":{"line":70,"column":55}},"line":70},"3":{"name":"(anonymous_3)","decl":{"start":{"line":103,"column":25},"end":{"line":103,"column":26}},"loc":{"start":{"line":103,"column":51},"end":{"line":172,"column":1}},"line":103},"4":{"name":"(anonymous_4)","decl":{"start":{"line":144,"column":6},"end":{"line":144,"column":7}},"loc":{"start":{"line":144,"column":16},"end":{"line":144,"column":53}},"line":144},"5":{"name":"(anonymous_5)","decl":{"start":{"line":177,"column":25},"end":{"line":177,"column":26}},"loc":{"start":{"line":177,"column":51},"end":{"line":211,"column":1}},"line":177},"6":{"name":"(anonymous_6)","decl":{"start":{"line":192,"column":6},"end":{"line":192,"column":7}},"loc":{"start":{"line":192,"column":16},"end":{"line":192,"column":53}},"line":192},"7":{"name":"(anonymous_7)","decl":{"start":{"line":216,"column":20},"end":{"line":216,"column":21}},"loc":{"start":{"line":216,"column":46},"end":{"line":238,"column":1}},"line":216}},"branchMap":{"0":{"loc":{"start":{"line":14,"column":4},"end":{"line":16,"column":5}},"type":"if","locations":[{"start":{"line":14,"column":4},"end":{"line":16,"column":5}},{"start":{},"end":{}}],"line":14},"1":{"loc":{"start":{"line":34,"column":4},"end":{"line":39,"column":5}},"type":"if","locations":[{"start":{"line":34,"column":4},"end":{"line":39,"column":5}},{"start":{},"end":{}}],"line":34},"2":{"loc":{"start":{"line":34,"column":8},"end":{"line":34,"column":31}},"type":"binary-expr","locations":[{"start":{"line":34,"column":8},"end":{"line":34,"column":18}},{"start":{"line":34,"column":22},"end":{"line":34,"column":31}}],"line":34},"3":{"loc":{"start":{"line":44,"column":4},"end":{"line":49,"column":5}},"type":"if","locations":[{"start":{"line":44,"column":4},"end":{"line":49,"column":5}},{"start":{},"end":{}}],"line":44},"4":{"loc":{"start":{"line":52,"column":4},"end":{"line":57,"column":5}},"type":"if","locations":[{"start":{"line":52,"column":4},"end":{"line":57,"column":5}},{"start":{},"end":{}}],"line":52},"5":{"loc":{"start":{"line":62,"column":4},"end":{"line":82,"column":5}},"type":"if","locations":[{"start":{"line":62,"column":4},"end":{"line":82,"column":5}},{"start":{"line":67,"column":11},"end":{"line":82,"column":5}}],"line":62},"6":{"loc":{"start":{"line":73,"column":6},"end":{"line":79,"column":7}},"type":"if","locations":[{"start":{"line":73,"column":6},"end":{"line":79,"column":7}},{"start":{"line":76,"column":13},"end":{"line":79,"column":7}}],"line":73},"7":{"loc":{"start":{"line":108,"column":4},"end":{"line":113,"column":5}},"type":"if","locations":[{"start":{"line":108,"column":4},"end":{"line":113,"column":5}},{"start":{},"end":{}}],"line":108},"8":{"loc":{"start":{"line":108,"column":8},"end":{"line":108,"column":33}},"type":"binary-expr","locations":[{"start":{"line":108,"column":8},"end":{"line":108,"column":17}},{"start":{"line":108,"column":21},"end":{"line":108,"column":33}}],"line":108},"9":{"loc":{"start":{"line":118,"column":4},"end":{"line":123,"column":5}},"type":"if","locations":[{"start":{"line":118,"column":4},"end":{"line":123,"column":5}},{"start":{},"end":{}}],"line":118},"10":{"loc":{"start":{"line":126,"column":4},"end":{"line":131,"column":5}},"type":"if","locations":[{"start":{"line":126,"column":4},"end":{"line":131,"column":5}},{"start":{},"end":{}}],"line":126},"11":{"loc":{"start":{"line":135,"column":4},"end":{"line":140,"column":5}},"type":"if","locations":[{"start":{"line":135,"column":4},"end":{"line":140,"column":5}},{"start":{},"end":{}}],"line":135},"12":{"loc":{"start":{"line":147,"column":4},"end":{"line":152,"column":5}},"type":"if","locations":[{"start":{"line":147,"column":4},"end":{"line":152,"column":5}},{"start":{},"end":{}}],"line":147},"13":{"loc":{"start":{"line":183,"column":4},"end":{"line":188,"column":5}},"type":"if","locations":[{"start":{"line":183,"column":4},"end":{"line":188,"column":5}},{"start":{},"end":{}}],"line":183},"14":{"loc":{"start":{"line":220,"column":4},"end":{"line":225,"column":5}},"type":"if","locations":[{"start":{"line":220,"column":4},"end":{"line":225,"column":5}},{"start":{},"end":{}}],"line":220}},"s":{"0":3,"1":3,"2":3,"3":1,"4":1,"5":1,"6":0,"7":1,"8":0,"9":3,"10":5,"11":5,"12":5,"13":0,"14":5,"15":5,"16":0,"17":5,"18":2,"19":3,"20":3,"21":2,"22":1,"23":1,"24":1,"25":1,"26":0,"27":1,"28":3,"29":3,"30":0,"31":3,"32":1,"33":1,"34":1,"35":1,"36":0,"37":1,"38":1,"39":0,"40":1,"41":0,"42":1,"43":1,"44":0,"45":1,"46":1,"47":1,"48":0,"49":1,"50":1,"51":1,"52":1,"53":0,"54":3,"55":1,"56":1,"57":1,"58":1,"59":0,"60":1,"61":1,"62":1,"63":1,"64":1,"65":0,"66":3,"67":0,"68":0,"69":0,"70":0,"71":0,"72":0,"73":0,"74":0},"f":{"0":1,"1":5,"2":1,"3":1,"4":1,"5":1,"6":1,"7":0},"b":{"0":[0,1],"1":[0,5],"2":[5,5],"3":[0,5],"4":[2,3],"5":[2,1],"6":[1,0],"7":[0,1],"8":[1,1],"9":[0,1],"10":[0,1],"11":[0,1],"12":[0,1],"13":[0,1],"14":[0,0]},"_coverageSchema":"1a1c01bbd47fc00a2c39e90264f33305004495a9","hash":"03cb71547b4c233b9883bfc57c4e07d8b1639a8e"}
,"I:\\Collection\\Desktop\\E-commerce\\backend\\controllers\\orderController.js": {"path":"I:\\Collection\\Desktop\\E-commerce\\backend\\controllers\\orderController.js","statementMap":{"0":{"start":{"line":1,"column":14},"end":{"line":1,"column":40}},"1":{"start":{"line":2,"column":13},"end":{"line":2,"column":38}},"2":{"start":{"line":3,"column":16},"end":{"line":3,"column":44}},"3":{"start":{"line":8,"column":0},"end":{"line":81,"column":2}},"4":{"start":{"line":9,"column":2},"end":{"line":80,"column":3}},"5":{"start":{"line":10,"column":47},"end":{"line":10,"column":55}},"6":{"start":{"line":13,"column":17},"end":{"line":13,"column":84}},"7":{"start":{"line":15,"column":4},"end":{"line":20,"column":5}},"8":{"start":{"line":16,"column":6},"end":{"line":19,"column":9}},"9":{"start":{"line":23,"column":23},"end":{"line":23,"column":25}},"10":{"start":{"line":24,"column":22},"end":{"line":24,"column":23}},"11":{"start":{"line":26,"column":4},"end":{"line":58,"column":5}},"12":{"start":{"line":27,"column":22},"end":{"line":27,"column":34}},"13":{"start":{"line":30,"column":6},"end":{"line":35,"column":7}},"14":{"start":{"line":31,"column":8},"end":{"line":34,"column":11}},"15":{"start":{"line":38,"column":6},"end":{"line":43,"column":7}},"16":{"start":{"line":39,"column":8},"end":{"line":42,"column":11}},"17":{"start":{"line":46,"column":6},"end":{"line":51,"column":9}},"18":{"start":{"line":53,"column":6},"end":{"line":53,"column":51}},"19":{"start":{"line":56,"column":6},"end":{"line":56,"column":37}},"20":{"start":{"line":57,"column":6},"end":{"line":57,"column":27}},"21":{"start":{"line":61,"column":18},"end":{"line":67,"column":6}},"22":{"start":{"line":70,"column":4},"end":{"line":70,"column":20}},"23":{"start":{"line":71,"column":4},"end":{"line":71,"column":22}},"24":{"start":{"line":73,"column":4},"end":{"line":77,"column":7}},"25":{"start":{"line":79,"column":4},"end":{"line":79,"column":16}},"26":{"start":{"line":86,"column":0},"end":{"line":100,"column":2}},"27":{"start":{"line":87,"column":2},"end":{"line":99,"column":3}},"28":{"start":{"line":88,"column":19},"end":{"line":90,"column":25}},"29":{"start":{"line":92,"column":4},"end":{"line":96,"column":7}},"30":{"start":{"line":98,"column":4},"end":{"line":98,"column":16}},"31":{"start":{"line":105,"column":0},"end":{"line":133,"column":2}},"32":{"start":{"line":106,"column":2},"end":{"line":132,"column":3}},"33":{"start":{"line":107,"column":18},"end":{"line":109,"column":46}},"34":{"start":{"line":111,"column":4},"end":{"line":116,"column":5}},"35":{"start":{"line":112,"column":6},"end":{"line":115,"column":9}},"36":{"start":{"line":119,"column":4},"end":{"line":124,"column":5}},"37":{"start":{"line":120,"column":6},"end":{"line":123,"column":9}},"38":{"start":{"line":126,"column":4},"end":{"line":129,"column":7}},"39":{"start":{"line":131,"column":4},"end":{"line":131,"column":16}},"40":{"start":{"line":138,"column":0},"end":{"line":153,"column":2}},"41":{"start":{"line":139,"column":2},"end":{"line":152,"column":3}},"42":{"start":{"line":140,"column":19},"end":{"line":143,"column":25}},"43":{"start":{"line":145,"column":4},"end":{"line":149,"column":7}},"44":{"start":{"line":151,"column":4},"end":{"line":151,"column":16}},"45":{"start":{"line":158,"column":0},"end":{"line":189,"column":2}},"46":{"start":{"line":159,"column":2},"end":{"line":188,"column":3}},"47":{"start":{"line":160,"column":23},"end":{"line":160,"column":31}},"48":{"start":{"line":162,"column":4},"end":{"line":167,"column":5}},"49":{"start":{"line":163,"column":6},"end":{"line":166,"column":9}},"50":{"start":{"line":169,"column":18},"end":{"line":169,"column":53}},"51":{"start":{"line":171,"column":4},"end":{"line":176,"column":5}},"52":{"start":{"line":172,"column":6},"end":{"line":175,"column":9}},"53":{"start":{"line":178,"column":4},"end":{"line":178,"column":26}},"54":{"start":{"line":179,"column":4},"end":{"line":179,"column":23}},"55":{"start":{"line":181,"column":4},"end":{"line":185,"column":7}},"56":{"start":{"line":187,"column":4},"end":{"line":187,"column":16}},"57":{"start":{"line":194,"column":0},"end":{"line":241,"column":2}},"58":{"start":{"line":195,"column":2},"end":{"line":240,"column":3}},"59":{"start":{"line":196,"column":18},"end":{"line":196,"column":53}},"60":{"start":{"line":198,"column":4},"end":{"line":203,"column":5}},"61":{"start":{"line":199,"column":6},"end":{"line":202,"column":9}},"62":{"start":{"line":206,"column":4},"end":{"line":211,"column":5}},"63":{"start":{"line":207,"column":6},"end":{"line":210,"column":9}},"64":{"start":{"line":214,"column":4},"end":{"line":219,"column":5}},"65":{"start":{"line":215,"column":6},"end":{"line":218,"column":9}},"66":{"start":{"line":222,"column":4},"end":{"line":228,"column":5}},"67":{"start":{"line":223,"column":22},"end":{"line":223,"column":58}},"68":{"start":{"line":224,"column":6},"end":{"line":227,"column":7}},"69":{"start":{"line":225,"column":8},"end":{"line":225,"column":39}},"70":{"start":{"line":226,"column":8},"end":{"line":226,"column":29}},"71":{"start":{"line":230,"column":4},"end":{"line":230,"column":31}},"72":{"start":{"line":231,"column":4},"end":{"line":231,"column":23}},"73":{"start":{"line":233,"column":4},"end":{"line":237,"column":7}},"74":{"start":{"line":239,"column":4},"end":{"line":239,"column":16}}},"fnMap":{"0":{"name":"(anonymous_0)","decl":{"start":{"line":8,"column":22},"end":{"line":8,"column":23}},"loc":{"start":{"line":8,"column":48},"end":{"line":81,"column":1}},"line":8},"1":{"name":"(anonymous_1)","decl":{"start":{"line":86,"column":24},"end":{"line":86,"column":25}},"loc":{"start":{"line":86,"column":50},"end":{"line":100,"column":1}},"line":86},"2":{"name":"(anonymous_2)","decl":{"start":{"line":105,"column":19},"end":{"line":105,"column":20}},"loc":{"start":{"line":105,"column":45},"end":{"line":133,"column":1}},"line":105},"3":{"name":"(anonymous_3)","decl":{"start":{"line":138,"column":23},"end":{"line":138,"column":24}},"loc":{"start":{"line":138,"column":49},"end":{"line":153,"column":1}},"line":138},"4":{"name":"(anonymous_4)","decl":{"start":{"line":158,"column":28},"end":{"line":158,"column":29}},"loc":{"start":{"line":158,"column":54},"end":{"line":189,"column":1}},"line":158},"5":{"name":"(anonymous_5)","decl":{"start":{"line":194,"column":22},"end":{"line":194,"column":23}},"loc":{"start":{"line":194,"column":48},"end":{"line":241,"column":1}},"line":194}},"branchMap":{"0":{"loc":{"start":{"line":15,"column":4},"end":{"line":20,"column":5}},"type":"if","locations":[{"start":{"line":15,"column":4},"end":{"line":20,"column":5}},{"start":{},"end":{}}],"line":15},"1":{"loc":{"start":{"line":15,"column":8},"end":{"line":15,"column":40}},"type":"binary-expr","locations":[{"start":{"line":15,"column":8},"end":{"line":15,"column":13}},{"start":{"line":15,"column":17},"end":{"line":15,"column":40}}],"line":15},"2":{"loc":{"start":{"line":30,"column":6},"end":{"line":35,"column":7}},"type":"if","locations":[{"start":{"line":30,"column":6},"end":{"line":35,"column":7}},{"start":{},"end":{}}],"line":30},"3":{"loc":{"start":{"line":38,"column":6},"end":{"line":43,"column":7}},"type":"if","locations":[{"start":{"line":38,"column":6},"end":{"line":43,"column":7}},{"start":{},"end":{}}],"line":38},"4":{"loc":{"start":{"line":66,"column":21},"end":{"line":66,"column":56}},"type":"binary-expr","locations":[{"start":{"line":66,"column":21},"end":{"line":66,"column":34}},{"start":{"line":66,"column":38},"end":{"line":66,"column":56}}],"line":66},"5":{"loc":{"start":{"line":111,"column":4},"end":{"line":116,"column":5}},"type":"if","locations":[{"start":{"line":111,"column":4},"end":{"line":116,"column":5}},{"start":{},"end":{}}],"line":111},"6":{"loc":{"start":{"line":119,"column":4},"end":{"line":124,"column":5}},"type":"if","locations":[{"start":{"line":119,"column":4},"end":{"line":124,"column":5}},{"start":{},"end":{}}],"line":119},"7":{"loc":{"start":{"line":119,"column":8},"end":{"line":119,"column":78}},"type":"binary-expr","locations":[{"start":{"line":119,"column":8},"end":{"line":119,"column":49}},{"start":{"line":119,"column":53},"end":{"line":119,"column":78}}],"line":119},"8":{"loc":{"start":{"line":162,"column":4},"end":{"line":167,"column":5}},"type":"if","locations":[{"start":{"line":162,"column":4},"end":{"line":167,"column":5}},{"start":{},"end":{}}],"line":162},"9":{"loc":{"start":{"line":171,"column":4},"end":{"line":176,"column":5}},"type":"if","locations":[{"start":{"line":171,"column":4},"end":{"line":176,"column":5}},{"start":{},"end":{}}],"line":171},"10":{"loc":{"start":{"line":198,"column":4},"end":{"line":203,"column":5}},"type":"if","locations":[{"start":{"line":198,"column":4},"end":{"line":203,"column":5}},{"start":{},"end":{}}],"line":198},"11":{"loc":{"start":{"line":206,"column":4},"end":{"line":211,"column":5}},"type":"if","locations":[{"start":{"line":206,"column":4},"end":{"line":211,"column":5}},{"start":{},"end":{}}],"line":206},"12":{"loc":{"start":{"line":206,"column":8},"end":{"line":206,"column":74}},"type":"binary-expr","locations":[{"start":{"line":206,"column":8},"end":{"line":206,"column":45}},{"start":{"line":206,"column":49},"end":{"line":206,"column":74}}],"line":206},"13":{"loc":{"start":{"line":214,"column":4},"end":{"line":219,"column":5}},"type":"if","locations":[{"start":{"line":214,"column":4},"end":{"line":219,"column":5}},{"start":{},"end":{}}],"line":214},"14":{"loc":{"start":{"line":214,"column":8},"end":{"line":214,"column":68}},"type":"binary-expr","locations":[{"start":{"line":214,"column":8},"end":{"line":214,"column":36}},{"start":{"line":214,"column":40},"end":{"line":214,"column":68}}],"line":214},"15":{"loc":{"start":{"line":224,"column":6},"end":{"line":227,"column":7}},"type":"if","locations":[{"start":{"line":224,"column":6},"end":{"line":227,"column":7}},{"start":{},"end":{}}],"line":224}},"s":{"0":3,"1":3,"2":3,"3":3,"4":2,"5":2,"6":2,"7":2,"8":1,"9":1,"10":1,"11":1,"12":1,"13":1,"14":0,"15":1,"16":0,"17":1,"18":1,"19":1,"20":1,"21":1,"22":0,"23":0,"24":0,"25":1,"26":3,"27":0,"28":0,"29":0,"30":0,"31":3,"32":0,"33":0,"34":0,"35":0,"36":0,"37":0,"38":0,"39":0,"40":3,"41":0,"42":0,"43":0,"44":0,"45":3,"46":0,"47":0,"48":0,"49":0,"50":0,"51":0,"52":0,"53":0,"54":0,"55":0,"56":0,"57":3,"58":0,"59":0,"60":0,"61":0,"62":0,"63":0,"64":0,"65":0,"66":0,"67":0,"68":0,"69":0,"70":0,"71":0,"72":0,"73":0,"74":0},"f":{"0":2,"1":0,"2":0,"3":0,"4":0,"5":0},"b":{"0":[1,1],"1":[2,1],"2":[0,1],"3":[0,1],"4":[1,0],"5":[0,0],"6":[0,0],"7":[0,0],"8":[0,0],"9":[0,0],"10":[0,0],"11":[0,0],"12":[0,0],"13":[0,0],"14":[0,0],"15":[0,0]},"_coverageSchema":"1a1c01bbd47fc00a2c39e90264f33305004495a9","hash":"e063ffd6899c5f31cc2a1aa9cc25ddc880dd59f8"}
,"I:\\Collection\\Desktop\\E-commerce\\backend\\controllers\\productController.js": {"path":"I:\\Collection\\Desktop\\E-commerce\\backend\\controllers\\productController.js","statementMap":{"0":{"start":{"line":1,"column":16},"end":{"line":1,"column":44}},"1":{"start":{"line":6,"column":0},"end":{"line":40,"column":2}},"2":{"start":{"line":7,"column":2},"end":{"line":39,"column":3}},"3":{"start":{"line":8,"column":53},"end":{"line":8,"column":62}},"4":{"start":{"line":11,"column":16},"end":{"line":11,"column":18}},"5":{"start":{"line":13,"column":4},"end":{"line":15,"column":5}},"6":{"start":{"line":14,"column":6},"end":{"line":14,"column":32}},"7":{"start":{"line":17,"column":4},"end":{"line":21,"column":5}},"8":{"start":{"line":18,"column":6},"end":{"line":18,"column":23}},"9":{"start":{"line":19,"column":6},"end":{"line":19,"column":56}},"10":{"start":{"line":19,"column":20},"end":{"line":19,"column":56}},"11":{"start":{"line":20,"column":6},"end":{"line":20,"column":56}},"12":{"start":{"line":20,"column":20},"end":{"line":20,"column":56}},"13":{"start":{"line":23,"column":4},"end":{"line":28,"column":5}},"14":{"start":{"line":24,"column":6},"end":{"line":27,"column":8}},"15":{"start":{"line":30,"column":21},"end":{"line":30,"column":82}},"16":{"start":{"line":32,"column":4},"end":{"line":36,"column":7}},"17":{"start":{"line":38,"column":4},"end":{"line":38,"column":16}},"18":{"start":{"line":45,"column":0},"end":{"line":63,"column":2}},"19":{"start":{"line":46,"column":2},"end":{"line":62,"column":3}},"20":{"start":{"line":47,"column":20},"end":{"line":47,"column":93}},"21":{"start":{"line":49,"column":4},"end":{"line":54,"column":5}},"22":{"start":{"line":50,"column":6},"end":{"line":53,"column":9}},"23":{"start":{"line":56,"column":4},"end":{"line":59,"column":7}},"24":{"start":{"line":61,"column":4},"end":{"line":61,"column":16}},"25":{"start":{"line":68,"column":0},"end":{"line":83,"column":2}},"26":{"start":{"line":69,"column":2},"end":{"line":82,"column":3}},"27":{"start":{"line":71,"column":4},"end":{"line":71,"column":37}},"28":{"start":{"line":73,"column":20},"end":{"line":73,"column":50}},"29":{"start":{"line":75,"column":4},"end":{"line":79,"column":7}},"30":{"start":{"line":81,"column":4},"end":{"line":81,"column":16}},"31":{"start":{"line":88,"column":0},"end":{"line":112,"column":2}},"32":{"start":{"line":89,"column":2},"end":{"line":111,"column":3}},"33":{"start":{"line":90,"column":18},"end":{"line":90,"column":55}},"34":{"start":{"line":92,"column":4},"end":{"line":97,"column":5}},"35":{"start":{"line":93,"column":6},"end":{"line":96,"column":9}},"36":{"start":{"line":99,"column":4},"end":{"line":102,"column":7}},"37":{"start":{"line":104,"column":4},"end":{"line":108,"column":7}},"38":{"start":{"line":110,"column":4},"end":{"line":110,"column":16}},"39":{"start":{"line":117,"column":0},"end":{"line":138,"column":2}},"40":{"start":{"line":118,"column":2},"end":{"line":137,"column":3}},"41":{"start":{"line":119,"column":20},"end":{"line":119,"column":57}},"42":{"start":{"line":121,"column":4},"end":{"line":126,"column":5}},"43":{"start":{"line":122,"column":6},"end":{"line":125,"column":9}},"44":{"start":{"line":128,"column":4},"end":{"line":128,"column":30}},"45":{"start":{"line":130,"column":4},"end":{"line":134,"column":7}},"46":{"start":{"line":136,"column":4},"end":{"line":136,"column":16}}},"fnMap":{"0":{"name":"(anonymous_0)","decl":{"start":{"line":6,"column":22},"end":{"line":6,"column":23}},"loc":{"start":{"line":6,"column":48},"end":{"line":40,"column":1}},"line":6},"1":{"name":"(anonymous_1)","decl":{"start":{"line":45,"column":21},"end":{"line":45,"column":22}},"loc":{"start":{"line":45,"column":47},"end":{"line":63,"column":1}},"line":45},"2":{"name":"(anonymous_2)","decl":{"start":{"line":68,"column":24},"end":{"line":68,"column":25}},"loc":{"start":{"line":68,"column":50},"end":{"line":83,"column":1}},"line":68},"3":{"name":"(anonymous_3)","decl":{"start":{"line":88,"column":24},"end":{"line":88,"column":25}},"loc":{"start":{"line":88,"column":50},"end":{"line":112,"column":1}},"line":88},"4":{"name":"(anonymous_4)","decl":{"start":{"line":117,"column":24},"end":{"line":117,"column":25}},"loc":{"start":{"line":117,"column":50},"end":{"line":138,"column":1}},"line":117}},"branchMap":{"0":{"loc":{"start":{"line":13,"column":4},"end":{"line":15,"column":5}},"type":"if","locations":[{"start":{"line":13,"column":4},"end":{"line":15,"column":5}},{"start":{},"end":{}}],"line":13},"1":{"loc":{"start":{"line":17,"column":4},"end":{"line":21,"column":5}},"type":"if","locations":[{"start":{"line":17,"column":4},"end":{"line":21,"column":5}},{"start":{},"end":{}}],"line":17},"2":{"loc":{"start":{"line":17,"column":8},"end":{"line":17,"column":28}},"type":"binary-expr","locations":[{"start":{"line":17,"column":8},"end":{"line":17,"column":16}},{"start":{"line":17,"column":20},"end":{"line":17,"column":28}}],"line":17},"3":{"loc":{"start":{"line":19,"column":6},"end":{"line":19,"column":56}},"type":"if","locations":[{"start":{"line":19,"column":6},"end":{"line":19,"column":56}},{"start":{},"end":{}}],"line":19},"4":{"loc":{"start":{"line":20,"column":6},"end":{"line":20,"column":56}},"type":"if","locations":[{"start":{"line":20,"column":6},"end":{"line":20,"column":56}},{"start":{},"end":{}}],"line":20},"5":{"loc":{"start":{"line":23,"column":4},"end":{"line":28,"column":5}},"type":"if","locations":[{"start":{"line":23,"column":4},"end":{"line":28,"column":5}},{"start":{},"end":{}}],"line":23},"6":{"loc":{"start":{"line":49,"column":4},"end":{"line":54,"column":5}},"type":"if","locations":[{"start":{"line":49,"column":4},"end":{"line":54,"column":5}},{"start":{},"end":{}}],"line":49},"7":{"loc":{"start":{"line":92,"column":4},"end":{"line":97,"column":5}},"type":"if","locations":[{"start":{"line":92,"column":4},"end":{"line":97,"column":5}},{"start":{},"end":{}}],"line":92},"8":{"loc":{"start":{"line":121,"column":4},"end":{"line":126,"column":5}},"type":"if","locations":[{"start":{"line":121,"column":4},"end":{"line":126,"column":5}},{"start":{},"end":{}}],"line":121}},"s":{"0":3,"1":3,"2":3,"3":3,"4":3,"5":3,"6":1,"7":3,"8":0,"9":0,"10":0,"11":0,"12":0,"13":3,"14":1,"15":3,"16":3,"17":0,"18":3,"19":3,"20":3,"21":2,"22":1,"23":1,"24":1,"25":3,"26":1,"27":1,"28":1,"29":1,"30":0,"31":3,"32":1,"33":1,"34":1,"35":0,"36":1,"37":1,"38":0,"39":3,"40":1,"41":1,"42":1,"43":0,"44":1,"45":1,"46":0},"f":{"0":3,"1":3,"2":1,"3":1,"4":1},"b":{"0":[1,2],"1":[0,3],"2":[3,3],"3":[0,0],"4":[0,0],"5":[1,2],"6":[1,1],"7":[0,1],"8":[0,1]},"_coverageSchema":"1a1c01bbd47fc00a2c39e90264f33305004495a9","hash":"5dd4fd31ed52bc67e6dcb12e2830366c9f4992ed"}
,"I:\\Collection\\Desktop\\E-commerce\\backend\\middleware\\auth.js": {"path":"I:\\Collection\\Desktop\\E-commerce\\backend\\middleware\\auth.js","statementMap":{"0":{"start":{"line":1,"column":12},"end":{"line":1,"column":35}},"1":{"start":{"line":2,"column":13},"end":{"line":2,"column":38}},"2":{"start":{"line":5,"column":0},"end":{"line":45,"column":2}},"3":{"start":{"line":9,"column":2},"end":{"line":14,"column":3}},"4":{"start":{"line":13,"column":4},"end":{"line":13,"column":52}},"5":{"start":{"line":17,"column":2},"end":{"line":22,"column":3}},"6":{"start":{"line":18,"column":4},"end":{"line":21,"column":7}},"7":{"start":{"line":24,"column":2},"end":{"line":44,"column":3}},"8":{"start":{"line":26,"column":20},"end":{"line":26,"column":61}},"9":{"start":{"line":29,"column":4},"end":{"line":29,"column":47}},"10":{"start":{"line":31,"column":4},"end":{"line":36,"column":5}},"11":{"start":{"line":32,"column":6},"end":{"line":35,"column":9}},"12":{"start":{"line":38,"column":4},"end":{"line":38,"column":11}},"13":{"start":{"line":40,"column":4},"end":{"line":43,"column":7}},"14":{"start":{"line":48,"column":0},"end":{"line":58,"column":2}},"15":{"start":{"line":49,"column":2},"end":{"line":57,"column":4}},"16":{"start":{"line":50,"column":4},"end":{"line":55,"column":5}},"17":{"start":{"line":51,"column":6},"end":{"line":54,"column":9}},"18":{"start":{"line":56,"column":4},"end":{"line":56,"column":11}}},"fnMap":{"0":{"name":"(anonymous_0)","decl":{"start":{"line":5,"column":18},"end":{"line":5,"column":19}},"loc":{"start":{"line":5,"column":44},"end":{"line":45,"column":1}},"line":5},"1":{"name":"(anonymous_1)","decl":{"start":{"line":48,"column":20},"end":{"line":48,"column":21}},"loc":{"start":{"line":48,"column":34},"end":{"line":58,"column":1}},"line":48},"2":{"name":"(anonymous_2)","decl":{"start":{"line":49,"column":9},"end":{"line":49,"column":10}},"loc":{"start":{"line":49,"column":29},"end":{"line":57,"column":3}},"line":49}},"branchMap":{"0":{"loc":{"start":{"line":9,"column":2},"end":{"line":14,"column":3}},"type":"if","locations":[{"start":{"line":9,"column":2},"end":{"line":14,"column":3}},{"start":{},"end":{}}],"line":9},"1":{"loc":{"start":{"line":10,"column":4},"end":{"line":11,"column":50}},"type":"binary-expr","locations":[{"start":{"line":10,"column":4},"end":{"line":10,"column":29}},{"start":{"line":11,"column":4},"end":{"line":11,"column":50}}],"line":10},"2":{"loc":{"start":{"line":17,"column":2},"end":{"line":22,"column":3}},"type":"if","locations":[{"start":{"line":17,"column":2},"end":{"line":22,"column":3}},{"start":{},"end":{}}],"line":17},"3":{"loc":{"start":{"line":31,"column":4},"end":{"line":36,"column":5}},"type":"if","locations":[{"start":{"line":31,"column":4},"end":{"line":36,"column":5}},{"start":{},"end":{}}],"line":31},"4":{"loc":{"start":{"line":50,"column":4},"end":{"line":55,"column":5}},"type":"if","locations":[{"start":{"line":50,"column":4},"end":{"line":55,"column":5}},{"start":{},"end":{}}],"line":50}},"s":{"0":3,"1":3,"2":3,"3":23,"4":19,"5":23,"6":4,"7":19,"8":19,"9":18,"10":18,"11":0,"12":18,"13":1,"14":3,"15":15,"16":7,"17":3,"18":4},"f":{"0":23,"1":15,"2":7},"b":{"0":[19,4],"1":[23,19],"2":[4,19],"3":[0,18],"4":[3,4]},"_coverageSchema":"1a1c01bbd47fc00a2c39e90264f33305004495a9","hash":"73987b914913cfd8edf1c136011f4204cd9ff5fa"}
,"I:\\Collection\\Desktop\\E-commerce\\backend\\middleware\\errorHandler.js": {"path":"I:\\Collection\\Desktop\\E-commerce\\backend\\middleware\\errorHandler.js","statementMap":{"0":{"start":{"line":6,"column":4},"end":{"line":6,"column":19}},"1":{"start":{"line":7,"column":4},"end":{"line":7,"column":33}},"2":{"start":{"line":8,"column":4},"end":{"line":8,"column":32}},"3":{"start":{"line":16,"column":21},"end":{"line":81,"column":1}},"4":{"start":{"line":17,"column":14},"end":{"line":17,"column":24}},"5":{"start":{"line":18,"column":2},"end":{"line":18,"column":30}},"6":{"start":{"line":21,"column":2},"end":{"line":31,"column":3}},"7":{"start":{"line":22,"column":4},"end":{"line":22,"column":45}},"8":{"start":{"line":23,"column":4},"end":{"line":27,"column":7}},"9":{"start":{"line":30,"column":4},"end":{"line":30,"column":43}},"10":{"start":{"line":34,"column":2},"end":{"line":37,"column":3}},"11":{"start":{"line":35,"column":20},"end":{"line":35,"column":62}},"12":{"start":{"line":36,"column":4},"end":{"line":36,"column":44}},"13":{"start":{"line":40,"column":2},"end":{"line":45,"column":3}},"14":{"start":{"line":41,"column":18},"end":{"line":41,"column":46}},"15":{"start":{"line":42,"column":18},"end":{"line":42,"column":37}},"16":{"start":{"line":43,"column":20},"end":{"line":43,"column":95}},"17":{"start":{"line":44,"column":4},"end":{"line":44,"column":44}},"18":{"start":{"line":48,"column":2},"end":{"line":52,"column":3}},"19":{"start":{"line":49,"column":21},"end":{"line":49,"column":72}},"20":{"start":{"line":49,"column":60},"end":{"line":49,"column":71}},"21":{"start":{"line":50,"column":20},"end":{"line":50,"column":39}},"22":{"start":{"line":51,"column":4},"end":{"line":51,"column":44}},"23":{"start":{"line":55,"column":2},"end":{"line":58,"column":3}},"24":{"start":{"line":56,"column":20},"end":{"line":56,"column":56}},"25":{"start":{"line":57,"column":4},"end":{"line":57,"column":44}},"26":{"start":{"line":60,"column":2},"end":{"line":63,"column":3}},"27":{"start":{"line":61,"column":20},"end":{"line":61,"column":56}},"28":{"start":{"line":62,"column":4},"end":{"line":62,"column":44}},"29":{"start":{"line":66,"column":2},"end":{"line":70,"column":3}},"30":{"start":{"line":67,"column":21},"end":{"line":67,"column":50}},"31":{"start":{"line":67,"column":44},"end":{"line":67,"column":49}},"32":{"start":{"line":68,"column":20},"end":{"line":68,"column":39}},"33":{"start":{"line":69,"column":4},"end":{"line":69,"column":44}},"34":{"start":{"line":73,"column":2},"end":{"line":80,"column":5}},"35":{"start":{"line":83,"column":0},"end":{"line":83,"column":30}},"36":{"start":{"line":84,"column":0},"end":{"line":84,"column":45}}},"fnMap":{"0":{"name":"(anonymous_0)","decl":{"start":{"line":5,"column":2},"end":{"line":5,"column":3}},"loc":{"start":{"line":5,"column":35},"end":{"line":9,"column":3}},"line":5},"1":{"name":"(anonymous_1)","decl":{"start":{"line":16,"column":21},"end":{"line":16,"column":22}},"loc":{"start":{"line":16,"column":46},"end":{"line":81,"column":1}},"line":16},"2":{"name":"(anonymous_2)","decl":{"start":{"line":49,"column":51},"end":{"line":49,"column":52}},"loc":{"start":{"line":49,"column":60},"end":{"line":49,"column":71}},"line":49},"3":{"name":"(anonymous_3)","decl":{"start":{"line":67,"column":37},"end":{"line":67,"column":38}},"loc":{"start":{"line":67,"column":44},"end":{"line":67,"column":49}},"line":67}},"branchMap":{"0":{"loc":{"start":{"line":21,"column":2},"end":{"line":31,"column":3}},"type":"if","locations":[{"start":{"line":21,"column":2},"end":{"line":31,"column":3}},{"start":{"line":28,"column":9},"end":{"line":31,"column":3}}],"line":21},"1":{"loc":{"start":{"line":34,"column":2},"end":{"line":37,"column":3}},"type":"if","locations":[{"start":{"line":34,"column":2},"end":{"line":37,"column":3}},{"start":{},"end":{}}],"line":34},"2":{"loc":{"start":{"line":40,"column":2},"end":{"line":45,"column":3}},"type":"if","locations":[{"start":{"line":40,"column":2},"end":{"line":45,"column":3}},{"start":{},"end":{}}],"line":40},"3":{"loc":{"start":{"line":48,"column":2},"end":{"line":52,"column":3}},"type":"if","locations":[{"start":{"line":48,"column":2},"end":{"line":52,"column":3}},{"start":{},"end":{}}],"line":48},"4":{"loc":{"start":{"line":55,"column":2},"end":{"line":58,"column":3}},"type":"if","locations":[{"start":{"line":55,"column":2},"end":{"line":58,"column":3}},{"start":{},"end":{}}],"line":55},"5":{"loc":{"start":{"line":60,"column":2},"end":{"line":63,"column":3}},"type":"if","locations":[{"start":{"line":60,"column":2},"end":{"line":63,"column":3}},{"start":{},"end":{}}],"line":60},"6":{"loc":{"start":{"line":66,"column":2},"end":{"line":70,"column":3}},"type":"if","locations":[{"start":{"line":66,"column":2},"end":{"line":70,"column":3}},{"start":{},"end":{}}],"line":66},"7":{"loc":{"start":{"line":66,"column":6},"end":{"line":66,"column":50}},"type":"binary-expr","locations":[{"start":{"line":66,"column":6},"end":{"line":66,"column":15}},{"start":{"line":66,"column":19},"end":{"line":66,"column":50}}],"line":66},"8":{"loc":{"start":{"line":73,"column":13},"end":{"line":73,"column":36}},"type":"binary-expr","locations":[{"start":{"line":73,"column":13},"end":{"line":73,"column":29}},{"start":{"line":73,"column":33},"end":{"line":73,"column":36}}],"line":73},"9":{"loc":{"start":{"line":75,"column":11},"end":{"line":75,"column":42}},"type":"binary-expr","locations":[{"start":{"line":75,"column":11},"end":{"line":75,"column":24}},{"start":{"line":75,"column":28},"end":{"line":75,"column":42}}],"line":75},"10":{"loc":{"start":{"line":76,"column":8},"end":{"line":79,"column":5}},"type":"binary-expr","locations":[{"start":{"line":76,"column":8},"end":{"line":76,"column":46}},{"start":{"line":76,"column":50},"end":{"line":79,"column":5}}],"line":76}},"s":{"0":2,"1":2,"2":2,"3":3,"4":2,"5":2,"6":2,"7":0,"8":0,"9":2,"10":2,"11":1,"12":1,"13":2,"14":0,"15":0,"16":0,"17":0,"18":2,"19":1,"20":1,"21":1,"22":1,"23":2,"24":0,"25":0,"26":2,"27":0,"28":0,"29":2,"30":0,"31":0,"32":0,"33":0,"34":2,"35":3,"36":3},"f":{"0":2,"1":2,"2":1,"3":0},"b":{"0":[0,2],"1":[1,1],"2":[0,2],"3":[1,1],"4":[0,2],"5":[0,2],"6":[0,2],"7":[2,0],"8":[2,0],"9":[2,0],"10":[2,0]},"_coverageSchema":"1a1c01bbd47fc00a2c39e90264f33305004495a9","hash":"a07b70154e962da41b3d47362f64afc5f29f0408"}
,"I:\\Collection\\Desktop\\E-commerce\\backend\\middleware\\validation.js": {"path":"I:\\Collection\\Desktop\\E-commerce\\backend\\middleware\\validation.js","statementMap":{"0":{"start":{"line":1,"column":35},"end":{"line":1,"column":63}},"1":{"start":{"line":4,"column":0},"end":{"line":13,"column":2}},"2":{"start":{"line":5,"column":17},"end":{"line":5,"column":38}},"3":{"start":{"line":6,"column":2},"end":{"line":11,"column":3}},"4":{"start":{"line":7,"column":4},"end":{"line":10,"column":7}},"5":{"start":{"line":12,"column":2},"end":{"line":12,"column":9}},"6":{"start":{"line":16,"column":0},"end":{"line":35,"column":2}},"7":{"start":{"line":38,"column":0},"end":{"line":47,"column":2}},"8":{"start":{"line":50,"column":0},"end":{"line":73,"column":2}}},"fnMap":{"0":{"name":"(anonymous_0)","decl":{"start":{"line":4,"column":19},"end":{"line":4,"column":20}},"loc":{"start":{"line":4,"column":39},"end":{"line":13,"column":1}},"line":4}},"branchMap":{"0":{"loc":{"start":{"line":6,"column":2},"end":{"line":11,"column":3}},"type":"if","locations":[{"start":{"line":6,"column":2},"end":{"line":11,"column":3}},{"start":{},"end":{}}],"line":6}},"s":{"0":3,"1":3,"2":22,"3":22,"4":4,"5":18,"6":3,"7":3,"8":3},"f":{"0":22},"b":{"0":[4,18]},"_coverageSchema":"1a1c01bbd47fc00a2c39e90264f33305004495a9","hash":"27cf85b0c76a8f970df730467e741b3727244e8e"}
,"I:\\Collection\\Desktop\\E-commerce\\backend\\models\\Cart.js": {"path":"I:\\Collection\\Desktop\\E-commerce\\backend\\models\\Cart.js","statementMap":{"0":{"start":{"line":1,"column":17},"end":{"line":1,"column":36}},"1":{"start":{"line":3,"column":23},"end":{"line":15,"column":2}},"2":{"start":{"line":17,"column":19},"end":{"line":32,"column":1}},"3":{"start":{"line":35,"column":0},"end":{"line":42,"column":3}},"4":{"start":{"line":36,"column":2},"end":{"line":41,"column":8}},"5":{"start":{"line":37,"column":4},"end":{"line":39,"column":5}},"6":{"start":{"line":38,"column":6},"end":{"line":38,"column":56}},"7":{"start":{"line":40,"column":4},"end":{"line":40,"column":17}},"8":{"start":{"line":44,"column":0},"end":{"line":44,"column":52}}},"fnMap":{"0":{"name":"(anonymous_0)","decl":{"start":{"line":35,"column":37},"end":{"line":35,"column":38}},"loc":{"start":{"line":35,"column":49},"end":{"line":42,"column":1}},"line":35},"1":{"name":"(anonymous_1)","decl":{"start":{"line":36,"column":27},"end":{"line":36,"column":28}},"loc":{"start":{"line":36,"column":44},"end":{"line":41,"column":3}},"line":36}},"branchMap":{"0":{"loc":{"start":{"line":37,"column":4},"end":{"line":39,"column":5}},"type":"if","locations":[{"start":{"line":37,"column":4},"end":{"line":39,"column":5}},{"start":{},"end":{}}],"line":37},"1":{"loc":{"start":{"line":37,"column":8},"end":{"line":37,"column":42}},"type":"binary-expr","locations":[{"start":{"line":37,"column":8},"end":{"line":37,"column":20}},{"start":{"line":37,"column":24},"end":{"line":37,"column":42}}],"line":37}},"s":{"0":3,"1":3,"2":3,"3":3,"4":6,"5":5,"6":5,"7":0,"8":3},"f":{"0":6,"1":5},"b":{"0":[5,0],"1":[5,5]},"_coverageSchema":"1a1c01bbd47fc00a2c39e90264f33305004495a9","hash":"d8e16c8b9ee96c5048a3e1512791d6473e156340"}
,"I:\\Collection\\Desktop\\E-commerce\\backend\\models\\Order.js": {"path":"I:\\Collection\\Desktop\\E-commerce\\backend\\models\\Order.js","statementMap":{"0":{"start":{"line":1,"column":17},"end":{"line":1,"column":36}},"1":{"start":{"line":3,"column":24},"end":{"line":23,"column":2}},"2":{"start":{"line":25,"column":20},"end":{"line":64,"column":1}},"3":{"start":{"line":66,"column":0},"end":{"line":66,"column":54}}},"fnMap":{},"branchMap":{},"s":{"0":3,"1":3,"2":3,"3":3},"f":{},"b":{},"_coverageSchema":"1a1c01bbd47fc00a2c39e90264f33305004495a9","hash":"6ca6b53002b60180e07ecd00e77936df4e9dcccd"}
,"I:\\Collection\\Desktop\\E-commerce\\backend\\models\\Product.js": {"path":"I:\\Collection\\Desktop\\E-commerce\\backend\\models\\Product.js","statementMap":{"0":{"start":{"line":1,"column":17},"end":{"line":1,"column":36}},"1":{"start":{"line":3,"column":22},"end":{"line":43,"column":1}},"2":{"start":{"line":45,"column":0},"end":{"line":45,"column":58}}},"fnMap":{},"branchMap":{},"s":{"0":3,"1":3,"2":3},"f":{},"b":{},"_coverageSchema":"1a1c01bbd47fc00a2c39e90264f33305004495a9","hash":"6d9a05370560568dfe3687fb46dfda0b0221b896"}
,"I:\\Collection\\Desktop\\E-commerce\\backend\\models\\User.js": {"path":"I:\\Collection\\Desktop\\E-commerce\\backend\\models\\User.js","statementMap":{"0":{"start":{"line":1,"column":17},"end":{"line":1,"column":36}},"1":{"start":{"line":2,"column":15},"end":{"line":2,"column":34}},"2":{"start":{"line":4,"column":19},"end":{"line":38,"column":1}},"3":{"start":{"line":41,"column":0},"end":{"line":47,"column":3}},"4":{"start":{"line":42,"column":2},"end":{"line":44,"column":3}},"5":{"start":{"line":43,"column":4},"end":{"line":43,"column":11}},"6":{"start":{"line":45,"column":15},"end":{"line":45,"column":39}},"7":{"start":{"line":46,"column":2},"end":{"line":46,"column":57}},"8":{"start":{"line":50,"column":0},"end":{"line":52,"column":2}},"9":{"start":{"line":51,"column":2},"end":{"line":51,"column":62}},"10":{"start":{"line":54,"column":0},"end":{"line":54,"column":52}}},"fnMap":{"0":{"name":"(anonymous_0)","decl":{"start":{"line":41,"column":23},"end":{"line":41,"column":24}},"loc":{"start":{"line":41,"column":45},"end":{"line":47,"column":1}},"line":41},"1":{"name":"(anonymous_1)","decl":{"start":{"line":50,"column":37},"end":{"line":50,"column":38}},"loc":{"start":{"line":50,"column":70},"end":{"line":52,"column":1}},"line":50}},"branchMap":{"0":{"loc":{"start":{"line":42,"column":2},"end":{"line":44,"column":3}},"type":"if","locations":[{"start":{"line":42,"column":2},"end":{"line":44,"column":3}},{"start":{},"end":{}}],"line":42}},"s":{"0":3,"1":3,"2":3,"3":3,"4":12,"5":0,"6":12,"7":12,"8":3,"9":2,"10":3},"f":{"0":12,"1":2},"b":{"0":[0,12]},"_coverageSchema":"1a1c01bbd47fc00a2c39e90264f33305004495a9","hash":"9e319d31f854b46473168d64b45ae996fe1725db"}
,"I:\\Collection\\Desktop\\E-commerce\\backend\\routes\\authRoutes.js": {"path":"I:\\Collection\\Desktop\\E-commerce\\backend\\routes\\authRoutes.js","statementMap":{"0":{"start":{"line":1,"column":16},"end":{"line":1,"column":34}},"1":{"start":{"line":2,"column":15},"end":{"line":2,"column":31}},"2":{"start":{"line":3,"column":33},"end":{"line":3,"column":73}},"3":{"start":{"line":4,"column":20},"end":{"line":4,"column":49}},"4":{"start":{"line":9,"column":4},"end":{"line":9,"column":39}},"5":{"start":{"line":12,"column":0},"end":{"line":12,"column":59}},"6":{"start":{"line":13,"column":0},"end":{"line":13,"column":56}},"7":{"start":{"line":16,"column":0},"end":{"line":16,"column":34}},"8":{"start":{"line":18,"column":0},"end":{"line":18,"column":24}}},"fnMap":{},"branchMap":{},"s":{"0":3,"1":3,"2":3,"3":3,"4":3,"5":3,"6":3,"7":3,"8":3},"f":{},"b":{},"_coverageSchema":"1a1c01bbd47fc00a2c39e90264f33305004495a9","hash":"91120a4e37e7e018ce928602f505179a9bc9a3d3"}
,"I:\\Collection\\Desktop\\E-commerce\\backend\\routes\\cartRoutes.js": {"path":"I:\\Collection\\Desktop\\E-commerce\\backend\\routes\\cartRoutes.js","statementMap":{"0":{"start":{"line":1,"column":16},"end":{"line":1,"column":34}},"1":{"start":{"line":2,"column":15},"end":{"line":2,"column":31}},"2":{"start":{"line":9,"column":4},"end":{"line":9,"column":44}},"3":{"start":{"line":10,"column":20},"end":{"line":10,"column":49}},"4":{"start":{"line":13,"column":0},"end":{"line":13,"column":20}},"5":{"start":{"line":15,"column":0},"end":{"line":15,"column":65}},"6":{"start":{"line":17,"column":0},"end":{"line":17,"column":71}},"7":{"start":{"line":19,"column":0},"end":{"line":19,"column":24}}},"fnMap":{},"branchMap":{},"s":{"0":3,"1":3,"2":3,"3":3,"4":3,"5":3,"6":3,"7":3},"f":{},"b":{},"_coverageSchema":"1a1c01bbd47fc00a2c39e90264f33305004495a9","hash":"59c1a136f6bf8fb8faa8452e4aad3b6da2930676"}
,"I:\\Collection\\Desktop\\E-commerce\\backend\\routes\\orderRoutes.js": {"path":"I:\\Collection\\Desktop\\E-commerce\\backend\\routes\\orderRoutes.js","statementMap":{"0":{"start":{"line":1,"column":16},"end":{"line":1,"column":34}},"1":{"start":{"line":2,"column":15},"end":{"line":2,"column":31}},"2":{"start":{"line":10,"column":4},"end":{"line":10,"column":45}},"3":{"start":{"line":11,"column":31},"end":{"line":11,"column":60}},"4":{"start":{"line":14,"column":0},"end":{"line":14,"column":20}},"5":{"start":{"line":17,"column":0},"end":{"line":17,"column":55}},"6":{"start":{"line":19,"column":0},"end":{"line":19,"column":35}},"7":{"start":{"line":21,"column":0},"end":{"line":21,"column":45}},"8":{"start":{"line":24,"column":0},"end":{"line":24,"column":59}},"9":{"start":{"line":25,"column":0},"end":{"line":25,"column":65}},"10":{"start":{"line":27,"column":0},"end":{"line":27,"column":24}}},"fnMap":{},"branchMap":{},"s":{"0":3,"1":3,"2":3,"3":3,"4":3,"5":3,"6":3,"7":3,"8":3,"9":3,"10":3},"f":{},"b":{},"_coverageSchema":"1a1c01bbd47fc00a2c39e90264f33305004495a9","hash":"00886c294fa7b9806a52c2185c1bdc4a116d9c7d"}
,"I:\\Collection\\Desktop\\E-commerce\\backend\\routes\\productRoutes.js": {"path":"I:\\Collection\\Desktop\\E-commerce\\backend\\routes\\productRoutes.js","statementMap":{"0":{"start":{"line":1,"column":16},"end":{"line":1,"column":34}},"1":{"start":{"line":2,"column":15},"end":{"line":2,"column":31}},"2":{"start":{"line":9,"column":4},"end":{"line":9,"column":47}},"3":{"start":{"line":10,"column":31},"end":{"line":10,"column":60}},"4":{"start":{"line":11,"column":40},"end":{"line":11,"column":75}},"5":{"start":{"line":14,"column":0},"end":{"line":14,"column":29}},"6":{"start":{"line":15,"column":0},"end":{"line":15,"column":31}},"7":{"start":{"line":18,"column":0},"end":{"line":25,"column":2}},"8":{"start":{"line":26,"column":0},"end":{"line":33,"column":2}},"9":{"start":{"line":34,"column":0},"end":{"line":34,"column":66}},"10":{"start":{"line":36,"column":0},"end":{"line":36,"column":24}}},"fnMap":{},"branchMap":{},"s":{"0":3,"1":3,"2":3,"3":3,"4":3,"5":3,"6":3,"7":3,"8":3,"9":3,"10":3},"f":{},"b":{},"_coverageSchema":"1a1c01bbd47fc00a2c39e90264f33305004495a9","hash":"4b36e13367a2352620c8863cdf72705527b50704"}
,"I:\\Collection\\Desktop\\E-commerce\\backend\\utils\\generateToken.js": {"path":"I:\\Collection\\Desktop\\E-commerce\\backend\\utils\\generateToken.js","statementMap":{"0":{"start":{"line":1,"column":12},"end":{"line":1,"column":35}},"1":{"start":{"line":3,"column":22},"end":{"line":7,"column":1}},"2":{"start":{"line":4,"column":2},"end":{"line":6,"column":5}},"3":{"start":{"line":9,"column":0},"end":{"line":9,"column":31}}},"fnMap":{"0":{"name":"(anonymous_0)","decl":{"start":{"line":3,"column":22},"end":{"line":3,"column":23}},"loc":{"start":{"line":3,"column":30},"end":{"line":7,"column":1}},"line":3}},"branchMap":{},"s":{"0":3,"1":3,"2":13,"3":3},"f":{"0":13},"b":{},"_coverageSchema":"1a1c01bbd47fc00a2c39e90264f33305004495a9","hash":"a2d1ded6b5329e29dd45a0a3b9e25617608edf76"}
}
