TN:
SF:server.js
FN:30,(anonymous_0)
FN:53,(anonymous_1)
FN:62,(anonymous_2)
FN:76,(anonymous_3)
FN:81,(anonymous_4)
FN:84,(anonymous_5)
FNF:6
FNH:1
FNDA:48,(anonymous_0)
FNDA:0,(anonymous_1)
FNDA:0,(anonymous_2)
FNDA:0,(anonymous_3)
FNDA:0,(anonymous_4)
FNDA:0,(anonymous_5)
DA:1,3
DA:2,3
DA:3,3
DA:4,3
DA:5,3
DA:8,3
DA:11,3
DA:14,3
DA:17,3
DA:18,3
DA:21,3
DA:28,3
DA:32,48
DA:34,0
DA:35,0
DA:37,0
DA:47,3
DA:48,3
DA:49,3
DA:50,3
DA:53,3
DA:54,0
DA:62,3
DA:63,0
DA:70,3
DA:73,3
DA:74,0
DA:76,0
DA:77,0
DA:81,0
DA:82,0
DA:84,0
DA:88,3
LF:33
LH:22
BRDA:32,0,0,48
BRDA:32,0,1,0
BRDA:34,1,0,0
BRDA:34,1,1,0
BRDA:34,2,0,0
BRDA:34,2,1,0
BRDA:73,3,0,0
BRDA:73,3,1,3
BRDA:74,4,0,0
BRDA:74,4,1,0
BRF:10
BRH:2
end_of_record
TN:
SF:config\database.js
FN:3,(anonymous_0)
FNF:1
FNH:1
FNDA:3,(anonymous_0)
DA:1,3
DA:3,3
DA:4,3
DA:5,3
DA:10,3
DA:12,0
DA:13,0
DA:17,3
LF:8
LH:6
BRF:0
BRH:0
end_of_record
TN:
SF:controllers\authController.js
FN:7,(anonymous_0)
FN:51,(anonymous_1)
FN:105,(anonymous_2)
FNF:3
FNH:3
FNDA:13,(anonymous_0)
FNDA:3,(anonymous_1)
FNDA:1,(anonymous_2)
DA:1,3
DA:2,3
DA:7,3
DA:8,13
DA:9,13
DA:12,13
DA:14,13
DA:15,1
DA:22,12
DA:30,12
DA:32,12
DA:44,0
DA:51,3
DA:52,3
DA:53,3
DA:56,3
DA:57,0
DA:64,3
DA:66,3
DA:67,1
DA:74,2
DA:76,2
DA:77,1
DA:84,1
DA:86,1
DA:98,0
DA:105,3
DA:106,1
DA:107,1
DA:109,1
DA:114,0
LF:31
LH:27
BRDA:14,0,0,1
BRDA:14,0,1,12
BRDA:26,1,0,12
BRDA:26,1,1,11
BRDA:56,2,0,0
BRDA:56,2,1,3
BRDA:56,3,0,3
BRDA:56,3,1,3
BRDA:66,4,0,1
BRDA:66,4,1,2
BRDA:76,5,0,1
BRDA:76,5,1,1
BRF:12
BRH:11
end_of_record
TN:
SF:controllers\cartController.js
FN:7,(anonymous_0)
FN:30,(anonymous_1)
FN:70,(anonymous_2)
FN:103,(anonymous_3)
FN:144,(anonymous_4)
FN:177,(anonymous_5)
FN:192,(anonymous_6)
FN:216,(anonymous_7)
FNF:8
FNH:7
FNDA:1,(anonymous_0)
FNDA:5,(anonymous_1)
FNDA:1,(anonymous_2)
FNDA:1,(anonymous_3)
FNDA:1,(anonymous_4)
FNDA:1,(anonymous_5)
FNDA:1,(anonymous_6)
FNDA:0,(anonymous_7)
DA:1,3
DA:2,3
DA:7,3
DA:8,1
DA:9,1
DA:14,1
DA:15,0
DA:18,1
DA:23,0
DA:30,3
DA:31,5
DA:32,5
DA:34,5
DA:35,0
DA:42,5
DA:44,5
DA:45,0
DA:52,5
DA:53,2
DA:60,3
DA:62,3
DA:63,2
DA:69,1
DA:70,1
DA:73,1
DA:75,1
DA:78,0
DA:81,1
DA:85,3
DA:90,3
DA:96,0
DA:103,3
DA:104,1
DA:105,1
DA:106,1
DA:108,1
DA:109,0
DA:116,1
DA:118,1
DA:119,0
DA:126,1
DA:127,0
DA:133,1
DA:135,1
DA:136,0
DA:143,1
DA:144,1
DA:147,1
DA:148,0
DA:155,1
DA:156,1
DA:159,1
DA:164,1
DA:170,0
DA:177,3
DA:178,1
DA:179,1
DA:181,1
DA:183,1
DA:184,0
DA:191,1
DA:192,1
DA:195,1
DA:198,1
DA:203,1
DA:209,0
DA:216,3
DA:217,0
DA:218,0
DA:220,0
DA:221,0
DA:227,0
DA:228,0
DA:230,0
DA:236,0
LF:75
LH:53
BRDA:14,0,0,0
BRDA:14,0,1,1
BRDA:34,1,0,0
BRDA:34,1,1,5
BRDA:34,2,0,5
BRDA:34,2,1,5
BRDA:44,3,0,0
BRDA:44,3,1,5
BRDA:52,4,0,2
BRDA:52,4,1,3
BRDA:62,5,0,2
BRDA:62,5,1,1
BRDA:73,6,0,1
BRDA:73,6,1,0
BRDA:108,7,0,0
BRDA:108,7,1,1
BRDA:108,8,0,1
BRDA:108,8,1,1
BRDA:118,9,0,0
BRDA:118,9,1,1
BRDA:126,10,0,0
BRDA:126,10,1,1
BRDA:135,11,0,0
BRDA:135,11,1,1
BRDA:147,12,0,0
BRDA:147,12,1,1
BRDA:183,13,0,0
BRDA:183,13,1,1
BRDA:220,14,0,0
BRDA:220,14,1,0
BRF:30
BRH:18
end_of_record
TN:
SF:controllers\orderController.js
FN:8,(anonymous_0)
FN:86,(anonymous_1)
FN:105,(anonymous_2)
FN:138,(anonymous_3)
FN:158,(anonymous_4)
FN:194,(anonymous_5)
FNF:6
FNH:1
FNDA:2,(anonymous_0)
FNDA:0,(anonymous_1)
FNDA:0,(anonymous_2)
FNDA:0,(anonymous_3)
FNDA:0,(anonymous_4)
FNDA:0,(anonymous_5)
DA:1,3
DA:2,3
DA:3,3
DA:8,3
DA:9,2
DA:10,2
DA:13,2
DA:15,2
DA:16,1
DA:23,1
DA:24,1
DA:26,1
DA:27,1
DA:30,1
DA:31,0
DA:38,1
DA:39,0
DA:46,1
DA:53,1
DA:56,1
DA:57,1
DA:61,1
DA:70,0
DA:71,0
DA:73,0
DA:79,1
DA:86,3
DA:87,0
DA:88,0
DA:92,0
DA:98,0
DA:105,3
DA:106,0
DA:107,0
DA:111,0
DA:112,0
DA:119,0
DA:120,0
DA:126,0
DA:131,0
DA:138,3
DA:139,0
DA:140,0
DA:145,0
DA:151,0
DA:158,3
DA:159,0
DA:160,0
DA:162,0
DA:163,0
DA:169,0
DA:171,0
DA:172,0
DA:178,0
DA:179,0
DA:181,0
DA:187,0
DA:194,3
DA:195,0
DA:196,0
DA:198,0
DA:199,0
DA:206,0
DA:207,0
DA:214,0
DA:215,0
DA:222,0
DA:223,0
DA:224,0
DA:225,0
DA:226,0
DA:230,0
DA:231,0
DA:233,0
DA:239,0
LF:75
LH:26
BRDA:15,0,0,1
BRDA:15,0,1,1
BRDA:15,1,0,2
BRDA:15,1,1,1
BRDA:30,2,0,0
BRDA:30,2,1,1
BRDA:38,3,0,0
BRDA:38,3,1,1
BRDA:66,4,0,1
BRDA:66,4,1,0
BRDA:111,5,0,0
BRDA:111,5,1,0
BRDA:119,6,0,0
BRDA:119,6,1,0
BRDA:119,7,0,0
BRDA:119,7,1,0
BRDA:162,8,0,0
BRDA:162,8,1,0
BRDA:171,9,0,0
BRDA:171,9,1,0
BRDA:198,10,0,0
BRDA:198,10,1,0
BRDA:206,11,0,0
BRDA:206,11,1,0
BRDA:206,12,0,0
BRDA:206,12,1,0
BRDA:214,13,0,0
BRDA:214,13,1,0
BRDA:214,14,0,0
BRDA:214,14,1,0
BRDA:224,15,0,0
BRDA:224,15,1,0
BRF:32
BRH:7
end_of_record
TN:
SF:controllers\productController.js
FN:6,(anonymous_0)
FN:45,(anonymous_1)
FN:68,(anonymous_2)
FN:88,(anonymous_3)
FN:117,(anonymous_4)
FNF:5
FNH:5
FNDA:3,(anonymous_0)
FNDA:3,(anonymous_1)
FNDA:1,(anonymous_2)
FNDA:1,(anonymous_3)
FNDA:1,(anonymous_4)
DA:1,3
DA:6,3
DA:7,3
DA:8,3
DA:11,3
DA:13,3
DA:14,1
DA:17,3
DA:18,0
DA:19,0
DA:20,0
DA:23,3
DA:24,1
DA:30,3
DA:32,3
DA:38,0
DA:45,3
DA:46,3
DA:47,3
DA:49,2
DA:50,1
DA:56,1
DA:61,1
DA:68,3
DA:69,1
DA:71,1
DA:73,1
DA:75,1
DA:81,0
DA:88,3
DA:89,1
DA:90,1
DA:92,1
DA:93,0
DA:99,1
DA:104,1
DA:110,0
DA:117,3
DA:118,1
DA:119,1
DA:121,1
DA:122,0
DA:128,1
DA:130,1
DA:136,0
LF:45
LH:36
BRDA:13,0,0,1
BRDA:13,0,1,2
BRDA:17,1,0,0
BRDA:17,1,1,3
BRDA:17,2,0,3
BRDA:17,2,1,3
BRDA:19,3,0,0
BRDA:19,3,1,0
BRDA:20,4,0,0
BRDA:20,4,1,0
BRDA:23,5,0,1
BRDA:23,5,1,2
BRDA:49,6,0,1
BRDA:49,6,1,1
BRDA:92,7,0,0
BRDA:92,7,1,1
BRDA:121,8,0,0
BRDA:121,8,1,1
BRF:18
BRH:11
end_of_record
TN:
SF:middleware\auth.js
FN:5,(anonymous_0)
FN:48,(anonymous_1)
FN:49,(anonymous_2)
FNF:3
FNH:3
FNDA:23,(anonymous_0)
FNDA:15,(anonymous_1)
FNDA:7,(anonymous_2)
DA:1,3
DA:2,3
DA:5,3
DA:9,23
DA:13,19
DA:17,23
DA:18,4
DA:24,19
DA:26,19
DA:29,18
DA:31,18
DA:32,0
DA:38,18
DA:40,1
DA:48,3
DA:49,15
DA:50,7
DA:51,3
DA:56,4
LF:19
LH:18
BRDA:9,0,0,19
BRDA:9,0,1,4
BRDA:10,1,0,23
BRDA:10,1,1,19
BRDA:17,2,0,4
BRDA:17,2,1,19
BRDA:31,3,0,0
BRDA:31,3,1,18
BRDA:50,4,0,3
BRDA:50,4,1,4
BRF:10
BRH:9
end_of_record
TN:
SF:middleware\errorHandler.js
FN:5,(anonymous_0)
FN:16,(anonymous_1)
FN:49,(anonymous_2)
FN:67,(anonymous_3)
FNF:4
FNH:3
FNDA:2,(anonymous_0)
FNDA:2,(anonymous_1)
FNDA:1,(anonymous_2)
FNDA:0,(anonymous_3)
DA:6,2
DA:7,2
DA:8,2
DA:16,3
DA:17,2
DA:18,2
DA:21,2
DA:22,0
DA:23,0
DA:30,2
DA:34,2
DA:35,1
DA:36,1
DA:40,2
DA:41,0
DA:42,0
DA:43,0
DA:44,0
DA:48,2
DA:49,1
DA:50,1
DA:51,1
DA:55,2
DA:56,0
DA:57,0
DA:60,2
DA:61,0
DA:62,0
DA:66,2
DA:67,0
DA:68,0
DA:69,0
DA:73,2
DA:83,3
DA:84,3
LF:35
LH:22
BRDA:21,0,0,0
BRDA:21,0,1,2
BRDA:34,1,0,1
BRDA:34,1,1,1
BRDA:40,2,0,0
BRDA:40,2,1,2
BRDA:48,3,0,1
BRDA:48,3,1,1
BRDA:55,4,0,0
BRDA:55,4,1,2
BRDA:60,5,0,0
BRDA:60,5,1,2
BRDA:66,6,0,0
BRDA:66,6,1,2
BRDA:66,7,0,2
BRDA:66,7,1,0
BRDA:73,8,0,2
BRDA:73,8,1,0
BRDA:75,9,0,2
BRDA:75,9,1,0
BRDA:76,10,0,2
BRDA:76,10,1,0
BRF:22
BRH:13
end_of_record
TN:
SF:middleware\validation.js
FN:4,(anonymous_0)
FNF:1
FNH:1
FNDA:22,(anonymous_0)
DA:1,3
DA:4,3
DA:5,22
DA:6,22
DA:7,4
DA:12,18
DA:16,3
DA:38,3
DA:50,3
LF:9
LH:9
BRDA:6,0,0,4
BRDA:6,0,1,18
BRF:2
BRH:2
end_of_record
TN:
SF:models\Cart.js
FN:35,(anonymous_0)
FN:36,(anonymous_1)
FNF:2
FNH:2
FNDA:6,(anonymous_0)
FNDA:5,(anonymous_1)
DA:1,3
DA:3,3
DA:17,3
DA:35,3
DA:36,6
DA:37,5
DA:38,5
DA:40,0
DA:44,3
LF:9
LH:8
BRDA:37,0,0,5
BRDA:37,0,1,0
BRDA:37,1,0,5
BRDA:37,1,1,5
BRF:4
BRH:3
end_of_record
TN:
SF:models\Order.js
FNF:0
FNH:0
DA:1,3
DA:3,3
DA:25,3
DA:66,3
LF:4
LH:4
BRF:0
BRH:0
end_of_record
TN:
SF:models\Product.js
FNF:0
FNH:0
DA:1,3
DA:3,3
DA:45,3
LF:3
LH:3
BRF:0
BRH:0
end_of_record
TN:
SF:models\User.js
FN:41,(anonymous_0)
FN:50,(anonymous_1)
FNF:2
FNH:2
FNDA:12,(anonymous_0)
FNDA:2,(anonymous_1)
DA:1,3
DA:2,3
DA:4,3
DA:41,3
DA:42,12
DA:43,0
DA:45,12
DA:46,12
DA:50,3
DA:51,2
DA:54,3
LF:11
LH:10
BRDA:42,0,0,0
BRDA:42,0,1,12
BRF:2
BRH:1
end_of_record
TN:
SF:routes\authRoutes.js
FNF:0
FNH:0
DA:1,3
DA:2,3
DA:3,3
DA:4,3
DA:9,3
DA:12,3
DA:13,3
DA:16,3
DA:18,3
LF:9
LH:9
BRF:0
BRH:0
end_of_record
TN:
SF:routes\cartRoutes.js
FNF:0
FNH:0
DA:1,3
DA:2,3
DA:9,3
DA:10,3
DA:13,3
DA:15,3
DA:17,3
DA:19,3
LF:8
LH:8
BRF:0
BRH:0
end_of_record
TN:
SF:routes\orderRoutes.js
FNF:0
FNH:0
DA:1,3
DA:2,3
DA:10,3
DA:11,3
DA:14,3
DA:17,3
DA:19,3
DA:21,3
DA:24,3
DA:25,3
DA:27,3
LF:11
LH:11
BRF:0
BRH:0
end_of_record
TN:
SF:routes\productRoutes.js
FNF:0
FNH:0
DA:1,3
DA:2,3
DA:9,3
DA:10,3
DA:11,3
DA:14,3
DA:15,3
DA:18,3
DA:26,3
DA:34,3
DA:36,3
LF:11
LH:11
BRF:0
BRH:0
end_of_record
TN:
SF:utils\generateToken.js
FN:3,(anonymous_0)
FNF:1
FNH:1
FNDA:13,(anonymous_0)
DA:1,3
DA:3,3
DA:4,13
DA:9,3
LF:4
LH:4
BRF:0
BRH:0
end_of_record
